<?xml version="1.0" encoding="UTF-8"?>
<!-- Generated by org.testng.reporters.JUnitReportReporter -->
<testsuite hostname="LIN51005209" failures="0" tests="2" name="com.cg.project.test.LoginTest" time="19.088" errors="0" timestamp="09 Jul 2021 11:57:11 GMT" skipped="0">
  <testcase classname="com.cg.project.test.LoginTest" name="testLoginFeatureForInvalidcredential" time="9.972"/>
  <testcase classname="com.cg.project.test.LoginTest" name="testLoginFeatureForInvalidcredential" time="9.116"/>
</testsuite> <!-- com.cg.project.test.LoginTest -->
