<?xml version="1.0" encoding="UTF-8"?>
<!-- Generated by org.testng.reporters.JUnitReportReporter -->
<testsuite hostname="LIN51005209" failures="0" tests="1" name="com.cg.project.test.TestClass1" time="0.007" errors="0" timestamp="09 Jul 2021 09:48:44 GMT" skipped="0">
  <testcase classname="com.cg.project.test.TestClass1" name="test1" time="0.007"/>
</testsuite> <!-- com.cg.project.test.TestClass1 -->
